2025-08-06 02:58:58,163 - INFO - CS2选手爬虫测试开始
2025-08-06 02:58:58,164 - INFO - 开始运行所有测试...
2025-08-06 02:58:58,164 - INFO - 
==================================================
2025-08-06 02:58:58,164 - INFO - 运行测试: 数据验证器
2025-08-06 02:58:58,164 - INFO - ==================================================
2025-08-06 02:58:58,164 - INFO - 开始测试数据验证器...
2025-08-06 02:58:58,164 - INFO - 测试数据 1: s1mple
2025-08-06 02:58:58,165 - INFO - ✓ 数据有效: s1mple
2025-08-06 02:58:58,165 - INFO - 测试数据 2: ZywOo
2025-08-06 02:58:58,165 - INFO - ✓ 数据有效: ZywOo
2025-08-06 02:58:58,165 - INFO - 测试数据 3: Invalid Player
2025-08-06 02:58:58,165 - INFO - ✓ 数据有效: Invalid Player
2025-08-06 02:58:58,165 - WARNING -   警告: 年龄异常: 100
2025-08-06 02:58:58,165 - WARNING -   警告: 角色无效: Invalid Role
2025-08-06 02:58:58,165 - WARNING -   警告: 国籍可能无效: Invalid Country
2025-08-06 02:58:58,165 - INFO - 测试数据 4: a
2025-08-06 02:58:58,166 - WARNING - ✗ 数据无效: a
2025-08-06 02:58:58,166 - WARNING -   错误: 姓名无效: a
2025-08-06 02:58:58,166 - INFO - 测试批量验证...
2025-08-06 02:58:58,166 - WARNING - 年龄异常: 100
2025-08-06 02:58:58,166 - WARNING - 角色无效: Invalid Role
2025-08-06 02:58:58,166 - WARNING - 国籍可能无效: Invalid Country
2025-08-06 02:58:58,167 - ERROR - 姓名无效: a
2025-08-06 02:58:58,167 - WARNING - 跳过无效选手数据: a
2025-08-06 02:58:58,167 - INFO - 批量验证完成: 3 个有效数据, 1 个无效数据
2025-08-06 02:58:58,167 - INFO - 批量验证结果: 3 个有效数据
2025-08-06 02:58:58,167 - INFO - 验证报告:
2025-08-06 02:58:58,168 - INFO - ✓ 测试通过: 数据验证器 (耗时: 0.00秒)
2025-08-06 02:58:58,168 - INFO - 
==================================================
2025-08-06 02:58:58,168 - INFO - 运行测试: 爬虫基本功能
2025-08-06 02:58:58,168 - INFO - ==================================================
2025-08-06 02:58:58,168 - INFO - 开始测试爬虫基本功能...
2025-08-06 02:58:58,168 - INFO - 测试请求: https://liquipedia.net/counterstrike/s1mple
2025-08-06 02:58:58,168 - INFO - 调整请求延迟为: 1.1s
2025-08-06 02:58:59,743 - INFO - ✓ 请求成功
2025-08-06 02:59:00,580 - INFO - ✓ 数据解析成功: s1mple
2025-08-06 02:59:00,580 - INFO -   队伍: BC.Game Esports
2025-08-06 02:59:00,580 - INFO -   国籍: Ukraine
2025-08-06 02:59:00,580 - INFO -   年龄: 28
2025-08-06 02:59:00,580 - INFO -   角色: 未知位置
2025-08-06 02:59:00,581 - INFO - ✓ 测试通过: 爬虫基本功能 (耗时: 2.41秒)
2025-08-06 02:59:00,581 - INFO - 
==================================================
2025-08-06 02:59:00,581 - INFO - 运行测试: 知名选手爬取
2025-08-06 02:59:00,581 - INFO - ==================================================
2025-08-06 02:59:00,581 - INFO - 开始测试知名选手爬取...
2025-08-06 02:59:00,582 - INFO - 测试爬取: s1mple
2025-08-06 02:59:00,582 - INFO - 调整请求延迟为: 1.1s
2025-08-06 02:59:02,180 - INFO - ✓ 成功爬取: s1mple
2025-08-06 02:59:02,180 - INFO - 测试爬取: ZywOo
2025-08-06 02:59:02,636 - INFO - ✓ 成功爬取: ZywOo
2025-08-06 02:59:02,636 - INFO - 测试爬取: NiKo
2025-08-06 02:59:03,788 - INFO - ✓ 成功爬取: NiKo
2025-08-06 02:59:03,788 - INFO - 测试结果: 成功爬取 3 个选手
2025-08-06 02:59:03,788 - WARNING - ✗ 数据验证失败: s1mple
2025-08-06 02:59:03,788 - WARNING - ✗ 数据验证失败: ZywOo
2025-08-06 02:59:03,799 - WARNING - ✗ 数据验证失败: NiKo
2025-08-06 02:59:03,800 - INFO - ✓ 测试通过: 知名选手爬取 (耗时: 3.22秒)
2025-08-06 02:59:03,800 - INFO - 
==================================================
2025-08-06 02:59:03,800 - INFO - 运行测试: 数据清洗功能
2025-08-06 02:59:03,800 - INFO - ==================================================
2025-08-06 02:59:03,800 - INFO - 开始测试数据清洗功能...
2025-08-06 02:59:03,800 - INFO - 原始: '  s1mple  ' -> 清洗后: 's1mple'
2025-08-06 02:59:03,800 - INFO - 原始: '[[Ukraine]]' -> 清洗后: 'Ukraine'
2025-08-06 02:59:03,800 - INFO - 原始: '<b>Natus Vincere</b>' -> 清洗后: 'Natus Vincere'
2025-08-06 02:59:03,800 - INFO - 原始: 'Rifler/AWPer' -> 清洗后: 'Rifler/AWPer'
2025-08-06 02:59:03,800 - INFO - 原始: 'Entry Fragger' -> 清洗后: 'Entry Fragger'
2025-08-06 02:59:03,800 - INFO - 原始角色: 'rifler/awper' -> 标准化: 'Rifler'
2025-08-06 02:59:03,800 - INFO - 原始角色: 'entry fragger' -> 标准化: 'Rifler'
2025-08-06 02:59:03,800 - INFO - 原始角色: 'lurker/support' -> 标准化: 'Support'
2025-08-06 02:59:03,800 - INFO - 原始角色: 'awper' -> 标准化: 'AWPer'
2025-08-06 02:59:03,800 - INFO - 原始角色: 'igl' -> 标准化: 'IGL'
2025-08-06 02:59:03,800 - INFO - 原始角色: 'coach' -> 标准化: 'Coach'
2025-08-06 02:59:03,800 - INFO - 出生日期: '1997-10-02' -> 年龄: 28
2025-08-06 02:59:03,800 - INFO - 出生日期: 'Born 1995' -> 年龄: 30
2025-08-06 02:59:03,800 - INFO - 出生日期: '1990年' -> 年龄: 35
2025-08-06 02:59:03,800 - INFO - 出生日期: '01/01/1992' -> 年龄: 33
2025-08-06 02:59:03,800 - INFO - 出生日期: 'Invalid date' -> 年龄: 未知年龄
2025-08-06 02:59:03,800 - INFO - ✓ 测试通过: 数据清洗功能 (耗时: 0.00秒)
2025-08-06 02:59:03,800 - INFO - 
==================================================
2025-08-06 02:59:03,800 - INFO - 运行测试: CSV操作
2025-08-06 02:59:03,800 - INFO - ==================================================
2025-08-06 02:59:03,800 - INFO - 开始测试CSV操作...
2025-08-06 02:59:03,800 - INFO - 保存了 2 个新选手信息到 output\test_players.csv
2025-08-06 02:59:03,800 - INFO - ✓ CSV文件创建成功: output\test_players.csv
2025-08-06 02:59:03,800 - INFO - ✓ CSV数据验证成功: 2 行数据
2025-08-06 02:59:03,800 - INFO - ✓ 测试文件已清理
2025-08-06 02:59:03,800 - INFO - ✓ 测试通过: CSV操作 (耗时: 0.00秒)
2025-08-06 02:59:03,800 - INFO - 
==================================================
2025-08-06 02:59:03,800 - INFO - 测试总结
2025-08-06 02:59:03,805 - INFO - ==================================================
2025-08-06 02:59:03,805 - INFO - 总测试数: 5
2025-08-06 02:59:03,805 - INFO - 通过测试: 5
2025-08-06 02:59:03,805 - INFO - 失败测试: 0
2025-08-06 02:59:03,805 - INFO - 成功率: 100.0%
2025-08-06 02:59:03,805 - INFO - 🎉 所有测试通过!
2025-08-06 02:59:03,805 - INFO - 所有测试完成，爬虫功能正常
2025-08-06 03:00:26,880 - INFO - 开始CS2选手信息爬取
2025-08-06 03:00:26,880 - INFO - 开始爬取Liquipedia地区数据...
2025-08-06 03:00:26,880 - INFO - 正在处理地区: Europe
2025-08-06 03:00:26,880 - INFO - 调整请求延迟为: 1.1s
2025-08-06 03:00:28,398 - INFO - Europe 找到 1878 个选手链接
2025-08-06 03:00:28,398 - INFO - 正在处理地区: CIS
2025-08-06 03:00:28,817 - INFO - CIS 找到 619 个选手链接
2025-08-06 03:00:28,817 - INFO - 正在处理地区: Americas
2025-08-06 03:00:29,938 - INFO - Americas 找到 869 个选手链接
2025-08-06 03:00:29,938 - INFO - 正在处理地区: Oceania
2025-08-06 03:00:30,984 - INFO - Oceania 找到 112 个选手链接
2025-08-06 03:00:30,984 - INFO - 正在处理地区: Asia
2025-08-06 03:00:32,120 - INFO - Asia 找到 363 个选手链接
2025-08-06 03:00:32,120 - INFO - 正在处理地区: Africa & Middle East
2025-08-06 03:00:33,782 - INFO - Africa & Middle East 找到 131 个选手链接
2025-08-06 03:00:40,963 - ERROR - 请求失败 https://liquipedia.net/counterstrike/Ovoshi: 404 Client Error: Not Found for url: https://liquipedia.net/counterstrike/Ovoshi
2025-08-06 03:00:42,063 - ERROR - 请求失败 https://liquipedia.net/counterstrike/Ovoshi: 404 Client Error: Not Found for url: https://liquipedia.net/counterstrike/Ovoshi
2025-08-06 03:03:45,071 - INFO - CS2选手爬虫测试开始
2025-08-06 03:03:45,071 - INFO - 开始运行所有测试...
2025-08-06 03:03:45,071 - INFO - 
==================================================
2025-08-06 03:03:45,072 - INFO - 运行测试: 数据验证器
2025-08-06 03:03:45,072 - INFO - ==================================================
2025-08-06 03:03:45,072 - INFO - 开始测试数据验证器...
2025-08-06 03:03:45,072 - INFO - 测试数据 1: s1mple
2025-08-06 03:03:45,072 - INFO - ✓ 数据有效: s1mple
2025-08-06 03:03:45,072 - INFO - 测试数据 2: ZywOo
2025-08-06 03:03:45,072 - INFO - ✓ 数据有效: ZywOo
2025-08-06 03:03:45,072 - INFO - 测试数据 3: Invalid Player
2025-08-06 03:03:45,072 - INFO - ✓ 数据有效: Invalid Player
2025-08-06 03:03:45,072 - WARNING -   警告: 年龄异常: 100
2025-08-06 03:03:45,072 - WARNING -   警告: 角色无效: Invalid Role
2025-08-06 03:03:45,073 - WARNING -   警告: 国籍可能无效: Invalid Country
2025-08-06 03:03:45,073 - INFO - 测试数据 4: a
2025-08-06 03:03:45,073 - WARNING - ✗ 数据无效: a
2025-08-06 03:03:45,073 - WARNING -   错误: 姓名无效: a
2025-08-06 03:03:45,073 - INFO - 测试批量验证...
2025-08-06 03:03:45,073 - WARNING - 年龄异常: 100
2025-08-06 03:03:45,073 - WARNING - 角色无效: Invalid Role
2025-08-06 03:03:45,073 - WARNING - 国籍可能无效: Invalid Country
2025-08-06 03:03:45,074 - ERROR - 姓名无效: a
2025-08-06 03:03:45,074 - WARNING - 跳过无效选手数据: a
2025-08-06 03:03:45,074 - INFO - 批量验证完成: 3 个有效数据, 1 个无效数据
2025-08-06 03:03:45,074 - INFO - 批量验证结果: 3 个有效数据
2025-08-06 03:03:45,074 - INFO - 验证报告:
2025-08-06 03:03:45,075 - INFO - ✓ 测试通过: 数据验证器 (耗时: 0.00秒)
2025-08-06 03:03:45,075 - INFO - 
==================================================
2025-08-06 03:03:45,075 - INFO - 运行测试: 爬虫基本功能
2025-08-06 03:03:45,075 - INFO - ==================================================
2025-08-06 03:03:45,075 - INFO - 开始测试爬虫基本功能...
2025-08-06 03:03:45,075 - INFO - 测试请求: https://liquipedia.net/counterstrike/s1mple
2025-08-06 03:03:45,076 - INFO - 调整请求延迟为: 1.1s
2025-08-06 03:03:46,644 - INFO - ✓ 请求成功
2025-08-06 03:03:47,474 - INFO - ✓ 数据解析成功: s1mple
2025-08-06 03:03:47,474 - INFO -   队伍: BC.Game Esports
2025-08-06 03:03:47,474 - INFO -   国籍: Ukraine
2025-08-06 03:03:47,474 - INFO -   年龄: 28
2025-08-06 03:03:47,474 - INFO -   角色: 未知位置
2025-08-06 03:03:47,479 - INFO - ✓ 测试通过: 爬虫基本功能 (耗时: 2.40秒)
2025-08-06 03:03:47,479 - INFO - 
==================================================
2025-08-06 03:03:47,479 - INFO - 运行测试: 知名选手爬取
2025-08-06 03:03:47,479 - INFO - ==================================================
2025-08-06 03:03:47,479 - INFO - 开始测试知名选手爬取...
2025-08-06 03:03:47,480 - INFO - 测试爬取: s1mple
2025-08-06 03:03:47,480 - INFO - 调整请求延迟为: 1.1s
2025-08-06 03:03:49,102 - INFO - ✓ 成功爬取: s1mple
2025-08-06 03:03:49,102 - INFO - 测试爬取: ZywOo
2025-08-06 03:03:49,546 - INFO - ✓ 成功爬取: ZywOo
2025-08-06 03:03:49,546 - INFO - 测试爬取: NiKo
2025-08-06 03:03:50,706 - INFO - ✓ 成功爬取: NiKo
2025-08-06 03:03:50,706 - INFO - 测试结果: 成功爬取 3 个选手
2025-08-06 03:03:50,706 - WARNING - ✗ 数据验证失败: s1mple
2025-08-06 03:03:50,706 - WARNING - ✗ 数据验证失败: ZywOo
2025-08-06 03:03:50,706 - WARNING - ✗ 数据验证失败: NiKo
2025-08-06 03:03:50,708 - INFO - ✓ 测试通过: 知名选手爬取 (耗时: 3.23秒)
2025-08-06 03:03:50,708 - INFO - 
==================================================
2025-08-06 03:03:50,708 - INFO - 运行测试: 数据清洗功能
2025-08-06 03:03:50,708 - INFO - ==================================================
2025-08-06 03:03:50,709 - INFO - 开始测试数据清洗功能...
2025-08-06 03:03:50,709 - INFO - 原始: '  s1mple  ' -> 清洗后: 's1mple'
2025-08-06 03:03:50,709 - INFO - 原始: '[[Ukraine]]' -> 清洗后: 'Ukraine'
2025-08-06 03:03:50,709 - INFO - 原始: '<b>Natus Vincere</b>' -> 清洗后: 'Natus Vincere'
2025-08-06 03:03:50,709 - INFO - 原始: 'Rifler/AWPer' -> 清洗后: 'Rifler/AWPer'
2025-08-06 03:03:50,709 - INFO - 原始: 'Entry Fragger' -> 清洗后: 'Entry Fragger'
2025-08-06 03:03:50,709 - INFO - 原始角色: 'rifler/awper' -> 标准化: 'Rifler'
2025-08-06 03:03:50,709 - INFO - 原始角色: 'entry fragger' -> 标准化: 'Rifler'
2025-08-06 03:03:50,709 - INFO - 原始角色: 'lurker/support' -> 标准化: 'Support'
2025-08-06 03:03:50,709 - INFO - 原始角色: 'awper' -> 标准化: 'AWPer'
2025-08-06 03:03:50,709 - INFO - 原始角色: 'igl' -> 标准化: 'IGL'
2025-08-06 03:03:50,709 - INFO - 原始角色: 'coach' -> 标准化: 'Coach'
2025-08-06 03:03:50,709 - INFO - 出生日期: '1997-10-02' -> 年龄: 28
2025-08-06 03:03:50,709 - INFO - 出生日期: 'Born 1995' -> 年龄: 30
2025-08-06 03:03:50,709 - INFO - 出生日期: '1990年' -> 年龄: 35
2025-08-06 03:03:50,709 - INFO - 出生日期: '01/01/1992' -> 年龄: 33
2025-08-06 03:03:50,709 - INFO - 出生日期: 'Invalid date' -> 年龄: 未知年龄
2025-08-06 03:03:50,709 - INFO - ✓ 测试通过: 数据清洗功能 (耗时: 0.00秒)
2025-08-06 03:03:50,709 - INFO - 
==================================================
2025-08-06 03:03:50,709 - INFO - 运行测试: CSV操作
2025-08-06 03:03:50,709 - INFO - ==================================================
2025-08-06 03:03:50,709 - INFO - 开始测试CSV操作...
2025-08-06 03:03:50,709 - INFO - 保存了 2 个新选手信息到 output\test_players.csv
2025-08-06 03:03:50,709 - INFO - ✓ CSV文件创建成功: output\test_players.csv
2025-08-06 03:03:50,709 - INFO - ✓ CSV数据验证成功: 2 行数据
2025-08-06 03:03:50,709 - INFO - ✓ 测试文件已清理
2025-08-06 03:03:50,709 - INFO - ✓ 测试通过: CSV操作 (耗时: 0.00秒)
2025-08-06 03:03:50,709 - INFO - 
==================================================
2025-08-06 03:03:50,713 - INFO - 测试总结
2025-08-06 03:03:50,713 - INFO - ==================================================
2025-08-06 03:03:50,713 - INFO - 总测试数: 5
2025-08-06 03:03:50,713 - INFO - 通过测试: 5
2025-08-06 03:03:50,713 - INFO - 失败测试: 0
2025-08-06 03:03:50,713 - INFO - 成功率: 100.0%
2025-08-06 03:03:50,714 - INFO - 🎉 所有测试通过!
2025-08-06 03:03:50,714 - INFO - 所有测试完成，爬虫功能正常
2025-08-06 03:04:08,411 - INFO - 保存了 3 个新选手信息到 output\format_test.csv
2025-08-06 03:04:45,833 - INFO - 开始CS2选手信息爬取
2025-08-06 03:04:45,833 - INFO - 开始爬取Liquipedia地区数据...
2025-08-06 03:04:45,833 - INFO - 正在处理地区: Europe
2025-08-06 03:04:45,833 - INFO - 调整请求延迟为: 1.1s
2025-08-06 03:04:47,322 - INFO - Europe 找到 1878 个选手链接
2025-08-06 03:04:47,322 - INFO - 正在处理地区: CIS
2025-08-06 03:04:47,731 - INFO - CIS 找到 619 个选手链接
2025-08-06 03:04:47,731 - INFO - 正在处理地区: Americas
2025-08-06 03:04:48,879 - INFO - Americas 找到 869 个选手链接
2025-08-06 03:04:48,879 - INFO - 正在处理地区: Oceania
